[2024-12-26T18:18:45.088364+01:00] LogReparationDB.INFO: Este es un mensaje de prueba. [] []
[2024-12-26T18:22:16.866497+01:00] LogReparationDB.INFO: Connected successfully [] []
[2024-12-26T18:25:26.887266+01:00] LogReparationDB.INFO: Connected successfully [] []
[2024-12-26T18:25:38.822333+01:00] LogReparationDB.INFO: Connected successfully [] []
[2024-12-26T18:25:56.836873+01:00] LogReparationDB.INFO: Connected successfully [] []
[2024-12-26T18:26:23.956726+01:00] LogReparationDB.INFO: Connected successfully [] []
[2024-12-26T18:26:40.265041+01:00] LogReparationDB.INFO: Connected successfully [] []
[2024-12-27T07:11:47.636506+01:00] LogReparationDB.INFO: Connected successfully [] []
[2024-12-27T07:12:36.058055+01:00] LogReparationDB.INFO: Connected successfully [] []
[2024-12-27T07:12:38.759344+01:00] LogReparationDB.INFO: Connected successfully [] []
[2024-12-27T07:16:35.546932+01:00] LogReparationDB.INFO: Connection failed [] []
[2024-12-27T07:16:46.474056+01:00] LogReparationDB.INFO: Connected successfully [] []
[2024-12-27T07:26:31.605527+01:00] LogReparationDB.INFO: Connected successfully [] []
[2024-12-27T07:26:31.614696+01:00] LogReparationDB.INFO: Insert reparation successfully: 6ac2bcfe-6442-4b0b-adee-f41459078bd0 [] []
[2024-12-27T07:26:55.035059+01:00] LogReparationDB.INFO: Connected successfully [] []
[2024-12-27T07:27:21.854503+01:00] LogReparationDB.INFO: Connected successfully [] []
[2024-12-27T07:27:21.861552+01:00] LogReparationDB.ERROR: Failed to insert reparation: 0c8f3e6f-634e-47a4-bd30-52807899a9cd [] []
[2024-12-27T07:28:45.291553+01:00] LogReparationDB.INFO: Connected successfully [] []
[2024-12-27T07:42:11.136442+01:00] LogReparationDB.INFO: Connected successfully [] []
[2024-12-27T07:42:11.139048+01:00] LogReparationDB.INFO: SELECT reparation successfully: 6ac2bcfe-6442-4b0b-adee-f41459078bd0 [] []
[2024-12-27T07:42:18.879634+01:00] LogReparationDB.INFO: Connected successfully [] []
[2024-12-27T07:43:45.466011+01:00] LogReparationDB.INFO: Connected successfully [] []
[2024-12-27T07:43:45.466992+01:00] LogReparationDB.WARNING: FAILED to select reparation [] []
[2024-12-27T07:44:47.073104+01:00] LogReparationDB.INFO: Connected successfully [] []
[2024-12-27T07:44:47.075959+01:00] LogReparationDB.WARNING: FAILED to select reparation [] []
[2024-12-27T07:47:32.594216+01:00] LogReparationDB.INFO: Connected successfully [] []
[2024-12-27T07:47:32.597123+01:00] LogReparationDB.INFO: SELECT reparation successfully: 6ac2bcfe-6442-4b0b-adee-f41459078bd0 [] []
[2024-12-27T07:47:45.658120+01:00] LogReparationDB.INFO: Connected successfully [] []
[2024-12-27T07:47:45.660770+01:00] LogReparationDB.INFO: SELECT reparation successfully: 6ac2bcfe-6442-4b0b-adee-f41459078bd0 [] []
[2024-12-27T08:02:57.796853+01:00] LogReparationDB.INFO: Connected successfully [] []
[2024-12-27T08:02:57.804895+01:00] LogReparationDB.INFO: INSERT reparation successfully: 7a90c2c2-f4b4-4a5d-8006-a277a75e0b5b [] []
[2024-12-27T08:16:38.716143+01:00] LogReparationDB.INFO: Connected successfully [] []
[2024-12-27T08:16:38.725373+01:00] LogReparationDB.ERROR: FAILED to insert reparation: 2a07ea9b-3420-4249-a3c8-076191f7b58d [] []
[2024-12-27T08:30:38.957617+01:00] LogReparationDB.INFO: Connected successfully [] []
[2024-12-27T08:30:38.965858+01:00] LogReparationDB.ERROR: FAILED to insert reparation: c3d9fbbc-19ae-479a-b718-97f2f9241aa2 [] []
[2024-12-27T08:31:36.598246+01:00] LogReparationDB.INFO: Connected successfully [] []
[2024-12-27T08:31:36.606445+01:00] LogReparationDB.INFO: INSERT reparation successfully: 0525e01e-88b6-4f15-92ba-bd57cb47ec38 [] []
[2024-12-27T08:32:16.680833+01:00] LogReparationDB.INFO: Connected successfully [] []
[2024-12-27T08:32:16.688610+01:00] LogReparationDB.ERROR: FAILED to insert reparation: d0068544-df53-4f4f-91d1-64268ad10877 [] []
[2024-12-27T08:32:37.138582+01:00] LogReparationDB.INFO: Connected successfully [] []
[2024-12-27T08:32:37.147361+01:00] LogReparationDB.ERROR: FAILED to insert reparation: 67157510-8681-453b-a937-7339666c81d4 [] []
[2024-12-27T08:32:50.451709+01:00] LogReparationDB.INFO: Connected successfully [] []
[2024-12-27T08:32:50.458956+01:00] LogReparationDB.ERROR: FAILED to insert reparation: 21b952a9-d8b7-47a2-b663-1d72511479d3 [] []
[2024-12-27T08:33:04.219980+01:00] LogReparationDB.INFO: Connected successfully [] []
[2024-12-27T08:33:04.226912+01:00] LogReparationDB.ERROR: FAILED to insert reparation: 0d67ba5f-2a62-48e3-9f0a-b4a82383d8e4 [] []
[2024-12-27T08:33:51.845162+01:00] LogReparationDB.INFO: Connected successfully [] []
[2024-12-27T08:33:51.852914+01:00] LogReparationDB.INFO: INSERT reparation successfully: 971462d2-e9aa-428e-8c22-a7248355414c [] []
[2024-12-27T08:40:15.167374+01:00] LogReparationDB.INFO: Connected successfully [] []
[2024-12-27T08:40:15.175979+01:00] LogReparationDB.INFO: INSERT reparation successfully: d7bac16e-b0bf-4f00-be51-6ed71c7055a2 [] []
[2024-12-27T08:41:03.362951+01:00] LogReparationDB.INFO: Connected successfully [] []
[2024-12-27T08:41:03.369751+01:00] LogReparationDB.INFO: INSERT reparation successfully: 314461ea-89fe-4fc3-9954-286e0e20f1d6 [] []
[2024-12-27T08:42:15.497957+01:00] LogReparationDB.INFO: Connected successfully [] []
[2024-12-27T08:42:15.505501+01:00] LogReparationDB.INFO: INSERT reparation successfully: 6a8d56f4-9610-4a90-b4fe-0097bc2baff4 [] []
[2024-12-27T08:42:47.302308+01:00] LogReparationDB.INFO: Connected successfully [] []
[2024-12-27T08:42:47.310925+01:00] LogReparationDB.INFO: INSERT reparation successfully: 76b9e88a-994d-450c-9730-ef1bd278ac76 [] []
[2024-12-27T08:43:22.990598+01:00] LogReparationDB.INFO: Connected successfully [] []
[2024-12-27T08:43:22.998920+01:00] LogReparationDB.INFO: INSERT reparation successfully: 3e043fd7-40ac-47ce-8995-7b69a1ab2ee4 [] []
[2024-12-27T08:44:01.843003+01:00] LogReparationDB.INFO: Connected successfully [] []
[2024-12-27T08:44:01.850632+01:00] LogReparationDB.ERROR: FAILED to insert reparation: 0c7bdb25-584c-424a-b2a5-a73feb3fa0e4 [] []
[2024-12-27T08:44:26.554015+01:00] LogReparationDB.INFO: Connected successfully [] []
[2024-12-27T08:44:26.561765+01:00] LogReparationDB.INFO: INSERT reparation successfully: d60d9b90-81e0-41be-8aaf-c3a8ac8b2265 [] []
[2024-12-27T08:45:25.161842+01:00] LogReparationDB.INFO: Connected successfully [] []
[2024-12-27T08:45:25.169880+01:00] LogReparationDB.INFO: INSERT reparation successfully: 95845ba4-ede0-4259-9da3-c4fccd81ca00 [] []
[2024-12-27T08:46:17.065718+01:00] LogReparationDB.INFO: Connected successfully [] []
[2024-12-27T08:46:17.075472+01:00] LogReparationDB.INFO: INSERT reparation successfully: b6a483d6-57d8-4dfe-b5ff-00557a44678c [] []
[2024-12-27T08:46:53.584895+01:00] LogReparationDB.INFO: Connected successfully [] []
[2024-12-27T08:46:53.593743+01:00] LogReparationDB.INFO: INSERT reparation successfully: ea9d49f1-5ba7-46a9-a385-96fb81f5cf00 [] []
[2024-12-27T08:47:19.243212+01:00] LogReparationDB.INFO: Connected successfully [] []
[2024-12-27T08:47:19.250826+01:00] LogReparationDB.INFO: INSERT reparation successfully: 85e21250-bf56-43b8-97a1-739248436591 [] []
[2024-12-27T08:47:43.028930+01:00] LogReparationDB.INFO: Connected successfully [] []
[2024-12-27T08:47:43.038224+01:00] LogReparationDB.INFO: INSERT reparation successfully: ad3fdbcd-3dcc-4c67-b8ec-591ec43016fb [] []
[2024-12-27T08:50:43.430072+01:00] LogReparationDB.INFO: Connected successfully [] []
[2024-12-27T08:50:43.436796+01:00] LogReparationDB.INFO: INSERT reparation successfully: 51416c29-724d-4eb2-a6f6-d15c92092e0b [] []
[2024-12-27T08:51:32.559587+01:00] LogReparationDB.INFO: Connected successfully [] []
[2024-12-27T08:51:32.567742+01:00] LogReparationDB.INFO: INSERT reparation successfully: a214e546-a8df-4538-9a9f-ff73d32b0381 [] []
[2024-12-27T08:52:18.176204+01:00] LogReparationDB.INFO: Connected successfully [] []
[2024-12-27T08:52:18.184995+01:00] LogReparationDB.INFO: INSERT reparation successfully: 89378e90-214d-4a1a-a65e-d31f2af22b63 [] []
[2024-12-27T08:53:26.608224+01:00] LogReparationDB.INFO: Connected successfully [] []
[2024-12-27T08:53:26.612418+01:00] LogReparationDB.INFO: SELECT reparation successfully: 51416c29-724d-4eb2-a6f6-d15c92092e0b [] []
[2024-12-27T08:53:31.465478+01:00] LogReparationDB.INFO: Connected successfully [] []
[2024-12-27T08:53:31.469088+01:00] LogReparationDB.INFO: SELECT reparation successfully: 89378e90-214d-4a1a-a65e-d31f2af22b63 [] []
[2024-12-27T15:43:51.134122+01:00] LogReparationDB.INFO: Connected successfully [] []
[2024-12-27T15:43:51.139211+01:00] LogReparationDB.INFO: SELECT reparation successfully: 89378e90-214d-4a1a-a65e-d31f2af22b63 [] []
[2024-12-27T15:44:21.683586+01:00] LogReparationDB.INFO: Connected successfully [] []
[2024-12-27T15:44:21.688212+01:00] LogReparationDB.INFO: SELECT reparation successfully: 89378e90-214d-4a1a-a65e-d31f2af22b63 [] []
[2024-12-27T16:04:15.264191+01:00] LogReparationDB.INFO: Connected successfully [] []
[2024-12-27T16:04:15.382109+01:00] LogReparationDB.INFO: SELECT reparation successfully: 89378e90-214d-4a1a-a65e-d31f2af22b63 [] []
[2024-12-27T16:04:25.134097+01:00] LogReparationDB.INFO: Connected successfully [] []
[2024-12-27T16:04:25.248023+01:00] LogReparationDB.INFO: SELECT reparation successfully: 89378e90-214d-4a1a-a65e-d31f2af22b63 [] []
[2024-12-27T16:04:33.372526+01:00] LogReparationDB.INFO: Connected successfully [] []
[2024-12-27T16:04:33.485561+01:00] LogReparationDB.INFO: SELECT reparation successfully: 89378e90-214d-4a1a-a65e-d31f2af22b63 [] []
[2024-12-27T16:05:32.696880+01:00] LogReparationDB.INFO: Connected successfully [] []
[2024-12-27T16:05:32.702009+01:00] LogReparationDB.INFO: SELECT reparation successfully: 89378e90-214d-4a1a-a65e-d31f2af22b63 [] []
[2024-12-30T15:41:16.075026+01:00] LogReparationDB.INFO: Connected successfully [] []
[2024-12-30T15:41:16.080052+01:00] LogReparationDB.INFO: SELECT reparation successfully: 89378e90-214d-4a1a-a65e-d31f2af22b63 [] []
[2024-12-30T15:43:01.219634+01:00] LogReparationDB.INFO: Connected successfully [] []
[2024-12-30T15:43:01.224468+01:00] LogReparationDB.INFO: SELECT reparation successfully: 89378e90-214d-4a1a-a65e-d31f2af22b63 [] []
[2024-12-30T15:43:38.773285+01:00] LogReparationDB.INFO: Connected successfully [] []
[2024-12-30T15:43:38.777988+01:00] LogReparationDB.INFO: SELECT reparation successfully: 89378e90-214d-4a1a-a65e-d31f2af22b63 [] []
[2024-12-30T15:43:59.453933+01:00] LogReparationDB.INFO: Connected successfully [] []
[2024-12-30T15:43:59.458610+01:00] LogReparationDB.INFO: SELECT reparation successfully: 89378e90-214d-4a1a-a65e-d31f2af22b63 [] []
[2024-12-30T15:44:47.390067+01:00] LogReparationDB.INFO: Connected successfully [] []
[2024-12-30T15:44:47.559932+01:00] LogReparationDB.INFO: SELECT reparation successfully: 51416c29-724d-4eb2-a6f6-d15c92092e0b [] []
[2024-12-30T15:44:53.650736+01:00] LogReparationDB.INFO: Connected successfully [] []
[2024-12-30T15:44:53.770026+01:00] LogReparationDB.INFO: SELECT reparation successfully: 89378e90-214d-4a1a-a65e-d31f2af22b63 [] []
[2024-12-30T15:45:44.898446+01:00] LogReparationDB.INFO: Connected successfully [] []
[2024-12-30T15:45:45.016194+01:00] LogReparationDB.INFO: SELECT reparation successfully: 89378e90-214d-4a1a-a65e-d31f2af22b63 [] []
